<?xml version="1.0" encoding="utf-8"?><testsuites name="pytest tests"><testsuite name="pytest" errors="0" failures="0" skipped="0" tests="28" time="40.740" timestamp="2026-06-20T03:15:45.705371+00:00" hostname="agent-env-849e49a3-fb27-49b0-a0ff-6fe856adb2f9"><testcase classname="backend.tests.test_parkpulse_api.TestHealth" name="test_health" time="8.553" /><testcase classname="backend.tests.test_parkpulse_api.TestAuth" name="test_admin_login" time="0.362" /><testcase classname="backend.tests.test_parkpulse_api.TestAuth" name="test_officer_login" time="0.391" /><testcase classname="backend.tests.test_parkpulse_api.TestAuth" name="test_login_invalid" time="0.323" /><testcase classname="backend.tests.test_parkpulse_api.TestAuth" name="test_me_requires_auth" time="0.158" /><testcase classname="backend.tests.test_parkpulse_api.TestAuth" name="test_me_admin" time="0.360" /><testcase classname="backend.tests.test_parkpulse_api.TestKPI" name="test_kpi" time="0.056" /><testcase classname="backend.tests.test_parkpulse_api.TestHotspots" name="test_dbscan" time="0.074" /><testcase classname="backend.tests.test_parkpulse_api.TestHotspots" name="test_hdbscan" time="0.072" /><testcase classname="backend.tests.test_parkpulse_api.TestHotspots" name="test_kmeans" time="0.044" /><testcase classname="backend.tests.test_parkpulse_api.TestHotspots" name="test_heatmap" time="0.107" /><testcase classname="backend.tests.test_parkpulse_api.TestPredictions" name="test_predictions_horizon[hour]" time="0.084" /><testcase classname="backend.tests.test_parkpulse_api.TestPredictions" name="test_predictions_horizon[day]" time="0.075" /><testcase classname="backend.tests.test_parkpulse_api.TestPredictions" name="test_predictions_horizon[week]" time="0.062" /><testcase classname="backend.tests.test_parkpulse_api.TestPredictions" name="test_feature_importance" time="0.047" /><testcase classname="backend.tests.test_parkpulse_api.TestEnforcement" name="test_queue" time="0.056" /><testcase classname="backend.tests.test_parkpulse_api.TestEnforcement" name="test_narrative_requires_auth" time="0.144" /><testcase classname="backend.tests.test_parkpulse_api.TestEnforcement" name="test_narrative_generation_admin" time="7.532" /><testcase classname="backend.tests.test_parkpulse_api.TestEnforcement" name="test_narrative_unique_per_hotspot" time="21.208" /><testcase classname="backend.tests.test_parkpulse_api.TestAnalytics" name="test_analytics[hourly]" time="0.082" /><testcase classname="backend.tests.test_parkpulse_api.TestAnalytics" name="test_analytics[daily]" time="0.079" /><testcase classname="backend.tests.test_parkpulse_api.TestAnalytics" name="test_analytics[weekly]" time="0.085" /><testcase classname="backend.tests.test_parkpulse_api.TestAnalytics" name="test_analytics[vehicle]" time="0.052" /><testcase classname="backend.tests.test_parkpulse_api.TestAnalytics" name="test_analytics[police-station]" time="0.055" /><testcase classname="backend.tests.test_parkpulse_api.TestAnalytics" name="test_analytics[junction]" time="0.052" /><testcase classname="backend.tests.test_parkpulse_api.TestRoleGuard" name="test_officer_cannot_upload" time="0.437" /><testcase classname="backend.tests.test_parkpulse_api.TestRoleGuard" name="test_admin_can_recompute" time="0.000" /><testcase classname="backend.tests.test_parkpulse_api.TestRoleGuard" name="test_officer_cannot_recompute" time="0.047" /></testsuite></testsuites>